<?xml version="1.0" encoding="UTF-8"?>
<testng-results ignored="0" total="1" passed="1" failed="0" skipped="0">
  <reporter-output>
  </reporter-output>
  <suite started-at="2025-03-10T15:51:46 IST" name="Default suite" finished-at="2025-03-10T15:51:50 IST" duration-ms="4791">
    <groups>
    </groups>
    <test started-at="2025-03-10T15:51:46 IST" name="Default test" finished-at="2025-03-10T15:51:50 IST" duration-ms="4791">
      <class name="com.obsqura.seleniumproject.JavascriptexcecuterEg">
        <test-method signature="scroljavascriptexcecuter()[pri:0, instance:com.obsqura.seleniumproject.JavascriptexcecuterEg@477b4cdf]" started-at="2025-03-10T15:51:46 IST" name="scroljavascriptexcecuter" finished-at="2025-03-10T15:51:50 IST" duration-ms="4756" status="PASS">
          <reporter-output>
          </reporter-output>
        </test-method> <!-- scroljavascriptexcecuter -->
      </class> <!-- com.obsqura.seleniumproject.JavascriptexcecuterEg -->
    </test> <!-- Default test -->
  </suite> <!-- Default suite -->
</testng-results>
